2024-09-09T07:06:06.935Z [32minfo[39m: Randomly Buying
2024-09-09T07:06:06.937Z [32minfo[39m: We will exit this process after 12918659 miliseconds...
2024-09-09T07:12:32.174Z [32minfo[39m: Randomly Buying
2024-09-09T07:12:32.176Z [32minfo[39m: We will exit this process after 14722279 miliseconds...
2024-09-09T07:13:01.531Z [32minfo[39m: Randomly Buying
2024-09-09T07:13:01.533Z [32minfo[39m: We will exit this process after 12757857 miliseconds...
2024-09-09T07:13:47.023Z [32minfo[39m: Randomly Buying
2024-09-09T07:13:47.025Z [32minfo[39m: We will exit this process after 15154223 miliseconds...
2024-09-09T07:14:06.945Z [32minfo[39m: Randomly Buying
2024-09-09T07:14:06.947Z [32minfo[39m: We will exit this process after 9218336 miliseconds...
2024-09-09T07:14:52.196Z [32minfo[39m: Randomly Buying
2024-09-09T07:14:52.199Z [32minfo[39m: We will exit this process after 10739976 miliseconds...
2024-09-09T07:15:22.813Z [32minfo[39m: Randomly Buying
2024-09-09T07:15:22.815Z [32minfo[39m: We will exit this process after 10914844 miliseconds...
2024-09-09T07:40:16.336Z [32minfo[39m: Randomly Buying
2024-09-09T07:40:16.339Z [32minfo[39m: We will exit this process after 13131466 miliseconds...
2024-09-09T07:41:14.255Z [32minfo[39m: Randomly Buying
2024-09-09T07:41:14.257Z [32minfo[39m: We will exit this process after 8139773 miliseconds...
2024-09-09T07:41:57.972Z [32minfo[39m: Randomly Buying
2024-09-09T07:41:57.974Z [32minfo[39m: We will exit this process after 10441046 miliseconds...
2024-09-09T07:43:50.234Z [32minfo[39m: Randomly Buying
2024-09-09T07:43:50.237Z [32minfo[39m: We will exit this process after 10034753 miliseconds...
2024-09-09T07:44:19.771Z [32minfo[39m: Randomly Buying
2024-09-09T07:44:19.773Z [32minfo[39m: We will exit this process after 13875971 miliseconds...
2024-09-09T07:46:09.667Z [32minfo[39m: Randomly Buying
2024-09-09T07:46:09.669Z [32minfo[39m: We will exit this process after 9685585 miliseconds...
2024-09-09T11:59:32.207Z [32minfo[39m: Randomly Buying
2024-09-09T11:59:32.210Z [32minfo[39m: We will exit this process after 7777015 miliseconds...
2024-09-09T12:00:41.295Z [32minfo[39m: Randomly Buying
2024-09-09T12:00:41.297Z [32minfo[39m: We will exit this process after 10787493 miliseconds...
2024-09-09T12:02:44.669Z [32minfo[39m: Randomly Buying
2024-09-09T12:02:44.671Z [32minfo[39m: We will exit this process after 12302779 miliseconds...
2024-09-09T12:04:38.471Z [32minfo[39m: Randomly Buying
2024-09-09T12:04:38.473Z [32minfo[39m: We will exit this process after 11824097 miliseconds...
2024-09-09T12:06:09.766Z [32minfo[39m: Randomly Buying
2024-09-09T12:06:09.768Z [32minfo[39m: We will exit this process after 14327820 miliseconds...
2024-09-09T12:07:50.643Z [32minfo[39m: Randomly Buying
2024-09-09T12:07:50.645Z [32minfo[39m: We will exit this process after 10388588 miliseconds...
2024-09-09T12:10:16.975Z [32minfo[39m: Randomly Buying
2024-09-09T12:10:16.977Z [32minfo[39m: We will exit this process after 14360646 miliseconds...
2024-09-09T12:11:30.201Z [32minfo[39m: Randomly Buying
2024-09-09T12:11:30.204Z [32minfo[39m: We will exit this process after 13892666 miliseconds...
2024-09-09T12:24:53.737Z [32minfo[39m: Randomly Buying
2024-09-09T12:24:53.739Z [32minfo[39m: We will exit this process after 11384245 miliseconds...
2024-09-09T12:29:10.052Z [32minfo[39m: Randomly Buying
2024-09-09T12:29:10.054Z [32minfo[39m: We will exit this process after 7831035 miliseconds...
2024-09-09T13:14:25.020Z [32minfo[39m: Randomly Buying
2024-09-09T13:14:25.024Z [32minfo[39m: We will exit this process after 13740556 miliseconds...
2024-09-09T13:15:56.797Z [32minfo[39m: Randomly Buying
2024-09-09T13:15:56.800Z [32minfo[39m: We will exit this process after 10150743 miliseconds...
2024-09-09T13:22:50.470Z [32minfo[39m: Randomly Buying
2024-09-09T13:22:50.472Z [32minfo[39m: We will exit this process after 14376471 miliseconds...
2024-09-09T13:38:41.199Z [32minfo[39m: Randomly Buying
2024-09-09T13:38:41.202Z [32minfo[39m: We will exit this process after 13416977 miliseconds...
2024-09-09T16:22:32.298Z [32minfo[39m: Randomly Buying
2024-09-09T16:22:32.302Z [32minfo[39m: We will exit this process after 13137892 miliseconds...
2024-09-09T16:23:56.629Z [32minfo[39m: Randomly Buying
2024-09-09T16:23:56.632Z [32minfo[39m: We will exit this process after 15235375 miliseconds...
2024-09-09T16:31:25.176Z [32minfo[39m: Randomly Buying
2024-09-09T16:31:25.179Z [32minfo[39m: We will exit this process after 14283417 miliseconds...
2024-09-09T16:32:13.696Z [32minfo[39m: Randomly Buying
2024-09-09T16:32:13.698Z [32minfo[39m: We will exit this process after 12917943 miliseconds...
2024-09-09T16:33:42.224Z [32minfo[39m: Randomly Buying
2024-09-09T16:33:42.226Z [32minfo[39m: We will exit this process after 11144588 miliseconds...
2024-09-09T16:34:35.405Z [32minfo[39m: Randomly Buying
2024-09-09T16:34:35.407Z [32minfo[39m: We will exit this process after 8480195 miliseconds...
2024-09-09T16:37:02.945Z [32minfo[39m: Randomly Buying
2024-09-09T16:37:02.947Z [32minfo[39m: We will exit this process after 9660457 miliseconds...
2024-09-09T16:38:27.606Z [32minfo[39m: Randomly Buying
2024-09-09T16:38:27.608Z [32minfo[39m: We will exit this process after 14671697 miliseconds...
2024-09-09T16:42:21.479Z [32minfo[39m: Randomly Buying
2024-09-09T16:42:21.482Z [32minfo[39m: We will exit this process after 14361538 miliseconds...
2024-09-09T16:46:28.742Z [32minfo[39m: Randomly Buying
2024-09-09T16:46:28.744Z [32minfo[39m: We will exit this process after 9248696 miliseconds...
2024-09-09T16:47:07.086Z [32minfo[39m: Randomly Buying
2024-09-09T16:47:07.089Z [32minfo[39m: We will exit this process after 10950547 miliseconds...
2024-09-09T16:48:22.520Z [32minfo[39m: Randomly Buying
2024-09-09T16:48:22.523Z [32minfo[39m: We will exit this process after 11498591 miliseconds...
2024-09-09T16:51:04.045Z [32minfo[39m: Randomly Buying
2024-09-09T16:51:04.047Z [32minfo[39m: We will exit this process after 14938245 miliseconds...
2024-09-09T16:53:03.380Z [32minfo[39m: Randomly Buying
2024-09-09T16:53:03.383Z [32minfo[39m: We will exit this process after 8460044 miliseconds...
2024-09-09T16:56:23.807Z [32minfo[39m: Randomly Buying
2024-09-09T16:56:23.810Z [32minfo[39m: We will exit this process after 10189276 miliseconds...
2024-09-09T17:35:49.350Z [32minfo[39m: Randomly Buying
2024-09-09T17:35:49.352Z [32minfo[39m: We will exit this process after 9856680 miliseconds...
2024-09-09T17:36:51.590Z [32minfo[39m: Randomly Buying
2024-09-09T17:36:51.591Z [32minfo[39m: We will exit this process after 9775029 miliseconds...
2024-09-09T17:44:55.325Z [32minfo[39m: Randomly Buying
2024-09-09T17:44:55.327Z [32minfo[39m: We will exit this process after 15313916 miliseconds...
2024-09-09T18:08:49.844Z [32minfo[39m: Randomly Buying
2024-09-09T18:08:49.846Z [32minfo[39m: We will exit this process after 13759589 miliseconds...
2024-09-09T18:11:28.811Z [32minfo[39m: Randomly Buying
2024-09-09T18:11:28.813Z [32minfo[39m: We will exit this process after 8815155 miliseconds...
2024-09-09T18:26:11.530Z [32minfo[39m: Randomly Buying
2024-09-09T18:26:11.532Z [32minfo[39m: We will exit this process after 10324362 miliseconds...
2024-09-09T18:29:13.044Z [32minfo[39m: Randomly Buying
2024-09-09T18:29:13.047Z [32minfo[39m: We will exit this process after 9382981 miliseconds...
2024-09-09T18:46:33.069Z [32minfo[39m: Randomly Buying
2024-09-09T18:46:33.072Z [32minfo[39m: We will exit this process after 7784959 miliseconds...
2024-09-09T18:50:46.461Z [32minfo[39m: Randomly Buying
2024-09-09T18:50:46.464Z [32minfo[39m: We will exit this process after 10141118 miliseconds...
2024-09-11T04:03:29.962Z [32minfo[39m: Randomly Buying
2024-09-11T04:03:29.965Z [32minfo[39m: We will exit this process after 13023816 miliseconds...
2024-09-11T04:29:07.630Z [32minfo[39m: Randomly Buying
2024-09-11T04:29:07.633Z [32minfo[39m: We will exit this process after 14020928 miliseconds...
2024-09-11T04:35:41.941Z [32minfo[39m: Randomly Buying
2024-09-11T04:35:41.943Z [32minfo[39m: We will exit this process after 15077824 miliseconds...
2024-09-11T04:36:11.584Z [32minfo[39m: Randomly Buying
2024-09-11T04:36:11.586Z [32minfo[39m: We will exit this process after 9899008 miliseconds...
2024-09-11T04:37:14.247Z [32minfo[39m: Randomly Buying
2024-09-11T04:37:14.249Z [32minfo[39m: We will exit this process after 11387495 miliseconds...
2024-09-11T04:39:49.382Z [32minfo[39m: Randomly Buying
2024-09-11T04:39:49.384Z [32minfo[39m: We will exit this process after 12735403 miliseconds...
2024-09-11T04:41:59.611Z [32minfo[39m: Randomly Buying
2024-09-11T04:41:59.614Z [32minfo[39m: We will exit this process after 10824290 miliseconds...
2024-09-11T04:46:22.383Z [32minfo[39m: Randomly Buying
2024-09-11T04:46:22.385Z [32minfo[39m: We will exit this process after 14933998 miliseconds...
2024-09-11T04:48:01.753Z [32minfo[39m: Randomly Buying
2024-09-11T04:48:01.756Z [32minfo[39m: We will exit this process after 9866173 miliseconds...
2024-09-11T04:48:51.544Z [32minfo[39m: Randomly Buying
2024-09-11T04:48:51.546Z [32minfo[39m: We will exit this process after 12270731 miliseconds...
2024-09-11T04:49:40.014Z [32minfo[39m: Randomly Buying
2024-09-11T04:49:40.016Z [32minfo[39m: We will exit this process after 15183539 miliseconds...
2024-09-11T04:50:40.579Z [32minfo[39m: Randomly Buying
2024-09-11T04:50:40.582Z [32minfo[39m: We will exit this process after 12307272 miliseconds...
2024-09-11T07:56:35.057Z [32minfo[39m: Randomly Buying
2024-09-11T07:56:35.059Z [32minfo[39m: We will exit this process after 11488326 miliseconds...
2024-09-11T12:55:16.052Z [32minfo[39m: Randomly Buying
2024-09-11T12:55:16.074Z [32minfo[39m: We will exit this process after 9996330 miliseconds...
2024-09-11T13:01:14.046Z [32minfo[39m: Randomly Buying
2024-09-11T13:01:14.048Z [32minfo[39m: We will exit this process after 11078236 miliseconds...
2024-09-11T13:07:14.893Z [32minfo[39m: Randomly Buying
2024-09-11T13:07:14.895Z [32minfo[39m: We will exit this process after 8580896 miliseconds...
2024-09-11T13:38:12.435Z [32minfo[39m: Randomly Buying
2024-09-11T13:38:12.438Z [32minfo[39m: We will exit this process after 14725761 miliseconds...
2024-09-11T13:59:11.366Z [32minfo[39m: Randomly Buying
2024-09-11T13:59:11.368Z [32minfo[39m: We will exit this process after 11996307 miliseconds...
2024-09-11T14:06:25.406Z [32minfo[39m: Randomly Buying
2024-09-11T14:06:25.408Z [32minfo[39m: We will exit this process after 8742592 miliseconds...
2024-09-11T14:28:32.265Z [32minfo[39m: Randomly Buying
2024-09-11T14:28:32.268Z [32minfo[39m: We will exit this process after 15269656 miliseconds...
2024-09-12T04:28:33.268Z [32minfo[39m: Randomly Buying
2024-09-12T04:28:33.271Z [32minfo[39m: We will exit this process after 14112384 miliseconds...
2024-09-12T04:29:23.977Z [32minfo[39m: Randomly Buying
2024-09-12T04:29:23.979Z [32minfo[39m: We will exit this process after 11086423 miliseconds...
2024-09-12T14:06:33.712Z [32minfo[39m: Randomly Buying
2024-09-12T14:06:33.715Z [32minfo[39m: We will exit this process after 8417190 miliseconds...
2024-09-12T14:10:37.855Z [32minfo[39m: Randomly Buying
2024-09-12T14:10:37.858Z [32minfo[39m: We will exit this process after 11395237 miliseconds...
2024-09-12T14:49:47.999Z [32minfo[39m: Randomly Buying
2024-09-12T14:49:48.002Z [32minfo[39m: We will exit this process after 11708427 miliseconds...
2024-09-12T14:52:17.855Z [32minfo[39m: Randomly Buying
2024-09-12T14:52:17.858Z [32minfo[39m: We will exit this process after 15482602 miliseconds...
2024-09-12T17:17:55.867Z [32minfo[39m: Randomly Buying
2024-09-12T17:17:55.869Z [32minfo[39m: We will exit this process after 12757186 miliseconds...
2024-09-12T18:16:53.779Z [32minfo[39m: Randomly Buying
2024-09-12T18:16:53.781Z [32minfo[39m: We will exit this process after 14283718 miliseconds...
2024-09-12T18:18:25.051Z [32minfo[39m: Randomly Buying
2024-09-12T18:18:25.053Z [32minfo[39m: We will exit this process after 8557374 miliseconds...
2024-09-12T18:37:29.858Z [32minfo[39m: Randomly Buying
2024-09-12T18:37:29.860Z [32minfo[39m: We will exit this process after 14019079 miliseconds...
2024-09-12T18:40:04.983Z [32minfo[39m: Randomly Buying
2024-09-12T18:40:04.985Z [32minfo[39m: We will exit this process after 13853040 miliseconds...
2024-09-14T00:01:49.638Z [32minfo[39m: Randomly Buying
2024-09-14T00:01:49.641Z [32minfo[39m: We will exit this process after 14499625 miliseconds...
2024-09-14T00:12:33.077Z [32minfo[39m: Randomly Buying
2024-09-14T00:12:33.079Z [32minfo[39m: We will exit this process after 7849749 miliseconds...
2024-09-14T00:24:44.767Z [32minfo[39m: Randomly Buying
2024-09-14T00:24:44.769Z [32minfo[39m: We will exit this process after 14833887 miliseconds...
2024-09-14T00:27:24.646Z [32minfo[39m: Randomly Buying
2024-09-14T00:27:24.648Z [32minfo[39m: We will exit this process after 15237958 miliseconds...
2024-09-14T00:30:24.957Z [32minfo[39m: Randomly Buying
2024-09-14T00:30:24.959Z [32minfo[39m: We will exit this process after 10178013 miliseconds...
2024-09-14T00:37:16.624Z [32minfo[39m: Randomly Buying
2024-09-14T00:37:16.626Z [32minfo[39m: We will exit this process after 14418365 miliseconds...
2024-09-14T00:38:33.590Z [32minfo[39m: Randomly Buying
2024-09-14T00:38:33.592Z [32minfo[39m: We will exit this process after 14811047 miliseconds...
2024-09-16T23:51:03.054Z [32minfo[39m: Randomly Buying
2024-09-16T23:51:03.055Z [32minfo[39m: We will exit this process after 8399260 miliseconds...
2024-09-17T17:48:13.509Z [32minfo[39m: Randomly Buying
2024-09-17T17:48:13.512Z [32minfo[39m: We will exit this process after 11324701 miliseconds...
2024-09-22T12:03:38.914Z [32minfo[39m: Randomly Buying
2024-09-22T12:03:38.916Z [32minfo[39m: We will exit this process after 13790423 miliseconds...
2024-09-22T12:04:15.999Z [32minfo[39m: Randomly Buying
2024-09-22T12:04:16.001Z [32minfo[39m: We will exit this process after 13399403 miliseconds...
2024-09-22T12:06:18.456Z [32minfo[39m: Randomly Buying
2024-09-22T12:06:18.458Z [32minfo[39m: We will exit this process after 15243483 miliseconds...
2024-09-22T12:07:35.480Z [32minfo[39m: Randomly Buying
2024-09-22T12:07:35.482Z [32minfo[39m: We will exit this process after 9459071 miliseconds...
2024-09-22T12:08:26.223Z [32minfo[39m: Randomly Buying
2024-09-22T12:08:26.225Z [32minfo[39m: We will exit this process after 8921384 miliseconds...
2024-09-22T12:12:42.772Z [32minfo[39m: Randomly Buying
2024-09-22T12:12:42.774Z [32minfo[39m: We will exit this process after 13721770 miliseconds...
2024-09-22T12:15:25.792Z [32minfo[39m: Randomly Buying
2024-09-22T12:15:25.793Z [32minfo[39m: We will exit this process after 15537021 miliseconds...
2024-09-22T12:16:00.952Z [32minfo[39m: Randomly Buying
2024-09-22T12:16:00.954Z [32minfo[39m: We will exit this process after 14281089 miliseconds...
2024-09-22T12:18:20.973Z [32minfo[39m: Randomly Buying
2024-09-22T12:18:20.975Z [32minfo[39m: We will exit this process after 9857618 miliseconds...
2024-09-22T12:18:50.139Z [32minfo[39m: Randomly Buying
2024-09-22T12:18:50.141Z [32minfo[39m: We will exit this process after 8972413 miliseconds...
2024-09-22T12:20:22.809Z [32minfo[39m: Randomly Buying
2024-09-22T12:20:22.812Z [32minfo[39m: We will exit this process after 8429412 miliseconds...
2024-09-22T12:32:31.488Z [32minfo[39m: Randomly Buying
2024-09-22T12:32:31.489Z [32minfo[39m: We will exit this process after 10327033 miliseconds...
2024-09-22T13:01:19.126Z [32minfo[39m: Randomly Buying
2024-09-22T13:01:19.128Z [32minfo[39m: We will exit this process after 8384201 miliseconds...
2024-09-22T13:07:27.555Z [32minfo[39m: Randomly Buying
2024-09-22T13:07:27.557Z [32minfo[39m: We will exit this process after 8201978 miliseconds...
2024-09-22T13:30:37.911Z [32minfo[39m: Randomly Buying
2024-09-22T13:30:37.913Z [32minfo[39m: We will exit this process after 9826453 miliseconds...
2024-09-22T14:01:38.373Z [32minfo[39m: Randomly Buying
2024-09-22T14:01:38.375Z [32minfo[39m: We will exit this process after 11756341 miliseconds...
2024-09-22T20:08:06.830Z [32minfo[39m: Randomly Buying
2024-09-22T20:08:06.831Z [32minfo[39m: We will exit this process after 9595319 miliseconds...
2024-09-22T20:19:00.867Z [32minfo[39m: Randomly Buying
2024-09-22T20:19:00.869Z [32minfo[39m: We will exit this process after 14108127 miliseconds...
2024-09-22T21:11:57.033Z [32minfo[39m: Randomly Buying
2024-09-22T21:11:57.035Z [32minfo[39m: We will exit this process after 14289883 miliseconds...
2024-09-22T21:18:30.445Z [32minfo[39m: Randomly Buying
2024-09-22T21:18:30.447Z [32minfo[39m: We will exit this process after 15000215 miliseconds...
2024-09-22T21:20:05.722Z [32minfo[39m: Randomly Buying
2024-09-22T21:20:05.724Z [32minfo[39m: We will exit this process after 8920211 miliseconds...
2024-09-22T21:20:57.858Z [32minfo[39m: Randomly Buying
2024-09-22T21:20:57.860Z [32minfo[39m: We will exit this process after 12632661 miliseconds...
2024-09-22T21:21:25.385Z [32minfo[39m: Randomly Buying
2024-09-22T21:21:25.387Z [32minfo[39m: We will exit this process after 7858771 miliseconds...
2024-09-22T21:21:49.504Z [32minfo[39m: Randomly Buying
2024-09-22T21:21:49.506Z [32minfo[39m: We will exit this process after 14401105 miliseconds...
2024-09-22T21:33:01.049Z [32minfo[39m: Randomly Buying
2024-09-22T21:33:01.050Z [32minfo[39m: We will exit this process after 10771571 miliseconds...
2024-09-22T21:33:26.831Z [32minfo[39m: Randomly Buying
2024-09-22T21:33:26.833Z [32minfo[39m: We will exit this process after 8375165 miliseconds...
2024-09-22T23:24:40.351Z [32minfo[39m: Randomly Buying
2024-09-22T23:24:40.353Z [32minfo[39m: We will exit this process after 12178716 miliseconds...
2024-09-22T23:43:00.674Z [32minfo[39m: Randomly Buying
2024-09-22T23:43:00.676Z [32minfo[39m: We will exit this process after 8319059 miliseconds...
2024-09-22T23:43:51.732Z [32minfo[39m: Randomly Buying
2024-09-22T23:43:51.734Z [32minfo[39m: We will exit this process after 8574754 miliseconds...
2024-09-22T23:44:37.658Z [32minfo[39m: Randomly Buying
2024-09-22T23:44:37.660Z [32minfo[39m: We will exit this process after 12973421 miliseconds...
2024-09-23T00:01:10.192Z [32minfo[39m: Randomly Buying
2024-09-23T00:01:10.194Z [32minfo[39m: We will exit this process after 14584004 miliseconds...
2024-09-23T05:02:55.376Z [32minfo[39m: Randomly Buying
2024-09-23T05:02:55.379Z [32minfo[39m: We will exit this process after 14706771 miliseconds...
2024-09-23T05:03:28.767Z [32minfo[39m: Randomly Buying
2024-09-23T05:03:28.769Z [32minfo[39m: We will exit this process after 11679351 miliseconds...
2024-09-23T05:39:07.989Z [32minfo[39m: Randomly Buying
2024-09-23T05:39:07.991Z [32minfo[39m: We will exit this process after 10945667 miliseconds...
2024-09-23T05:40:36.991Z [32minfo[39m: Randomly Buying
2024-09-23T05:40:36.993Z [32minfo[39m: We will exit this process after 11252014 miliseconds...
2024-09-23T05:41:43.732Z [32minfo[39m: Randomly Buying
2024-09-23T05:41:43.734Z [32minfo[39m: We will exit this process after 11335391 miliseconds...
2024-09-23T06:07:08.468Z [32minfo[39m: Randomly Buying
2024-09-23T06:07:08.470Z [32minfo[39m: We will exit this process after 15490681 miliseconds...
2024-10-04T01:08:46.838Z [32minfo[39m: Randomly Buying
2024-10-04T01:08:46.840Z [32minfo[39m: We will exit this process after 9933469 miliseconds...
2024-10-04T01:11:12.948Z [32minfo[39m: Randomly Buying
2024-10-04T01:11:12.951Z [32minfo[39m: We will exit this process after 11824738 miliseconds...
2024-10-04T07:24:00.772Z [32minfo[39m: Randomly Buying
2024-10-04T07:24:00.774Z [32minfo[39m: We will exit this process after 10238934 miliseconds...
2024-10-04T07:24:48.557Z [32minfo[39m: Randomly Buying
2024-10-04T07:24:48.559Z [32minfo[39m: We will exit this process after 15244021 miliseconds...
2024-10-04T07:25:44.489Z [32minfo[39m: Randomly Buying
2024-10-04T07:25:44.491Z [32minfo[39m: We will exit this process after 8207462 miliseconds...
2024-10-04T07:26:51.421Z [32minfo[39m: transaction=========> https://basescan.org/tx/0x895c605eb4154d9c4e9f3e6cd9ad41ac534b9ac216d96c6b5a42c1c78534dc63
2024-10-04T07:26:59.045Z [32minfo[39m: Randomly Buying
2024-10-04T07:26:59.047Z [32minfo[39m: We will exit this process after 13459640 miliseconds...
2024-10-04T07:28:24.357Z [32minfo[39m: transaction=========> https://basescan.org/tx/0x93ebc51118d07b656f8ad9c70373200b1bad292ca1d8a7f55ba20195c2766a3d
2024-10-04T07:28:41.671Z [32minfo[39m: Randomly Buying
2024-10-04T07:28:41.673Z [32minfo[39m: We will exit this process after 11560251 miliseconds...
2024-10-04T07:29:23.700Z [32minfo[39m: Randomly Buying
2024-10-04T07:29:23.702Z [32minfo[39m: We will exit this process after 11852926 miliseconds...
2024-10-04T07:32:43.826Z [32minfo[39m: Randomly Buying
2024-10-04T07:32:43.828Z [32minfo[39m: We will exit this process after 14177554 miliseconds...
2024-10-04T07:33:36.418Z [32minfo[39m: Randomly Buying
2024-10-04T07:33:36.420Z [32minfo[39m: We will exit this process after 13062165 miliseconds...
2024-10-04T07:42:07.200Z [32minfo[39m: Randomly Buying
2024-10-04T07:42:07.202Z [32minfo[39m: We will exit this process after 10313498 miliseconds...
2024-10-04T07:43:54.474Z [32minfo[39m: Randomly Buying
2024-10-04T07:43:54.476Z [32minfo[39m: We will exit this process after 12992352 miliseconds...
2024-10-04T07:49:31.018Z [32minfo[39m: Randomly Buying
2024-10-04T07:49:31.021Z [32minfo[39m: We will exit this process after 15324729 miliseconds...
2024-10-04T07:53:46.768Z [32minfo[39m: Randomly Buying
2024-10-04T07:53:46.770Z [32minfo[39m: We will exit this process after 8769233 miliseconds...
2024-10-04T08:10:02.322Z [32minfo[39m: Randomly Buying
2024-10-04T08:10:02.324Z [32minfo[39m: We will exit this process after 15422800 miliseconds...
2024-10-04T08:35:27.025Z [32minfo[39m: Randomly Buying
2024-10-04T08:35:27.027Z [32minfo[39m: We will exit this process after 14812092 miliseconds...
2024-10-04T08:36:49.966Z [32minfo[39m: Randomly Buying
2024-10-04T08:36:49.968Z [32minfo[39m: We will exit this process after 10305270 miliseconds...
2024-10-04T08:42:14.642Z [32minfo[39m: Randomly Buying
2024-10-04T08:42:14.644Z [32minfo[39m: We will exit this process after 8438557 miliseconds...
2024-10-04T08:43:21.044Z [32minfo[39m: Randomly Buying
2024-10-04T08:43:21.046Z [32minfo[39m: We will exit this process after 12730749 miliseconds...
2024-10-04T09:33:25.528Z [32minfo[39m: Randomly Buying
2024-10-04T09:33:25.530Z [32minfo[39m: We will exit this process after 8479836 miliseconds...
2024-10-04T09:42:20.664Z [32minfo[39m: Randomly Buying
2024-10-04T09:42:20.666Z [32minfo[39m: We will exit this process after 15532717 miliseconds...
2024-10-04T09:50:52.307Z [32minfo[39m: Randomly Buying
2024-10-04T09:50:52.309Z [32minfo[39m: We will exit this process after 13358010 miliseconds...
2024-10-04T09:51:28.143Z [32minfo[39m: Randomly Buying
2024-10-04T09:51:28.145Z [32minfo[39m: We will exit this process after 11802867 miliseconds...
2024-10-04T10:05:45.238Z [32minfo[39m: Randomly Buying
2024-10-04T10:05:45.241Z [32minfo[39m: We will exit this process after 15192688 miliseconds...
2024-10-04T10:06:59.675Z [32minfo[39m: Randomly Buying
2024-10-04T10:06:59.677Z [32minfo[39m: We will exit this process after 14309950 miliseconds...
2024-10-04T10:07:16.627Z [32minfo[39m: Randomly Buying
2024-10-04T10:07:16.629Z [32minfo[39m: We will exit this process after 14186997 miliseconds...
2024-10-04T10:07:40.727Z [32minfo[39m: Randomly Buying
2024-10-04T10:07:40.729Z [32minfo[39m: We will exit this process after 11191485 miliseconds...
2024-10-04T10:07:58.565Z [32minfo[39m: Randomly Buying
2024-10-04T10:07:58.568Z [32minfo[39m: We will exit this process after 12742109 miliseconds...
2024-10-04T10:08:13.015Z [32minfo[39m: Randomly Buying
2024-10-04T10:08:13.017Z [32minfo[39m: We will exit this process after 14154745 miliseconds...
2024-10-04T10:08:38.341Z [32minfo[39m: Randomly Buying
2024-10-04T10:08:38.342Z [32minfo[39m: We will exit this process after 12881907 miliseconds...
2024-10-04T10:09:37.023Z [32minfo[39m: Randomly Buying
2024-10-04T10:09:37.025Z [32minfo[39m: We will exit this process after 14364797 miliseconds...
2024-10-04T10:10:45.790Z [32minfo[39m: Randomly Buying
2024-10-04T10:10:45.793Z [32minfo[39m: We will exit this process after 15522501 miliseconds...
2024-10-04T11:41:49.155Z [32minfo[39m: Randomly Buying
2024-10-04T11:41:49.157Z [32minfo[39m: We will exit this process after 14697975 miliseconds...
2024-10-04T11:44:22.687Z [32minfo[39m: Randomly Buying
2024-10-04T11:44:22.688Z [32minfo[39m: We will exit this process after 10202665 miliseconds...
2024-10-04T11:46:23.114Z [32minfo[39m: Randomly Buying
2024-10-04T11:46:23.116Z [32minfo[39m: We will exit this process after 7852290 miliseconds...
2024-10-04T11:49:30.864Z [32minfo[39m: Randomly Buying
2024-10-04T11:49:30.866Z [32minfo[39m: We will exit this process after 13470727 miliseconds...
2024-10-04T13:12:07.168Z [32minfo[39m: Randomly Buying
2024-10-04T13:12:07.170Z [32minfo[39m: We will exit this process after 9041444 miliseconds...
2024-10-04T13:19:26.549Z [32minfo[39m: Randomly Buying
2024-10-04T13:19:26.551Z [32minfo[39m: We will exit this process after 8819401 miliseconds...
2024-10-04T20:16:59.616Z [32minfo[39m: Randomly Buying
2024-10-04T20:17:25.763Z [32minfo[39m: Randomly Buying
2024-10-04T20:18:27.760Z [32minfo[39m: Randomly Buying
2024-10-04T20:18:40.402Z [32minfo[39m: Randomly Buying
2024-10-04T20:18:51.319Z [32minfo[39m: Randomly Buying
2024-10-04T20:23:42.097Z [32minfo[39m: Randomly Buying
2024-10-04T20:26:32.233Z [32minfo[39m: Randomly Buying
2024-10-04T20:26:32.235Z [32minfo[39m: We will exit this process after 9079730 miliseconds...
2024-10-04T20:27:04.735Z [32minfo[39m: Randomly Buying
2024-10-04T20:27:04.737Z [32minfo[39m: We will exit this process after 11897609 miliseconds...
2024-10-04T20:27:24.151Z [32minfo[39m: Randomly Buying
2024-10-04T20:27:24.153Z [32minfo[39m: We will exit this process after 10760622 miliseconds...
2024-10-04T20:27:54.944Z [32minfo[39m: Randomly Buying
2024-10-04T20:27:54.946Z [32minfo[39m: We will exit this process after 10219754 miliseconds...
2024-10-04T20:28:45.880Z [32minfo[39m: Randomly Buying
2024-10-04T20:28:45.881Z [32minfo[39m: We will exit this process after 8402985 miliseconds...
2024-10-04T20:29:03.204Z [32minfo[39m: Randomly Buying
2024-10-04T20:29:03.206Z [32minfo[39m: We will exit this process after 11508087 miliseconds...
2024-10-04T20:29:28.093Z [32minfo[39m: Randomly Buying
2024-10-04T20:29:28.095Z [32minfo[39m: We will exit this process after 13861850 miliseconds...
2024-10-04T20:29:41.032Z [32minfo[39m: Randomly Buying
2024-10-04T20:29:41.033Z [32minfo[39m: We will exit this process after 11176799 miliseconds...
2024-10-04T20:34:07.426Z [32minfo[39m: Randomly Buying
2024-10-04T20:34:07.428Z [32minfo[39m: We will exit this process after 8325884 miliseconds...
2024-10-04T20:37:14.397Z [32minfo[39m: Randomly Buying
2024-10-04T20:37:14.398Z [32minfo[39m: We will exit this process after 13385479 miliseconds...
2024-10-04T20:41:41.855Z [32minfo[39m: Randomly Buying
2024-10-04T20:41:41.857Z [32minfo[39m: We will exit this process after 10625596 miliseconds...
2024-10-04T20:48:38.775Z [32minfo[39m: Randomly Buying
2024-10-04T20:48:38.777Z [32minfo[39m: We will exit this process after 9113723 miliseconds...
2024-10-04T20:54:13.005Z [32minfo[39m: Randomly Buying
2024-10-04T20:54:13.007Z [32minfo[39m: We will exit this process after 8781660 miliseconds...
2024-10-04T20:56:04.328Z [32minfo[39m: Randomly Buying
2024-10-04T20:56:04.330Z [32minfo[39m: We will exit this process after 11237867 miliseconds...
2024-10-04T20:57:12.630Z [32minfo[39m: Randomly Buying
2024-10-04T20:57:12.632Z [32minfo[39m: We will exit this process after 9028679 miliseconds...
2024-10-04T21:48:35.917Z [32minfo[39m: Randomly Buying
2024-10-04T21:48:35.919Z [32minfo[39m: We will exit this process after 14156529 miliseconds...
2024-10-04T22:16:36.563Z [32minfo[39m: Randomly Buying
2024-10-04T22:16:36.565Z [32minfo[39m: We will exit this process after 13039145 miliseconds...
2024-10-04T22:16:54.087Z [32minfo[39m: Randomly Buying
2024-10-04T22:16:54.089Z [32minfo[39m: We will exit this process after 12750936 miliseconds...
2024-10-05T00:12:36.679Z [32minfo[39m: Randomly Buying
2024-10-05T00:12:36.681Z [32minfo[39m: We will exit this process after 9002080 miliseconds...
2024-10-05T00:17:14.130Z [32minfo[39m: Randomly Buying
2024-10-05T00:17:14.132Z [32minfo[39m: We will exit this process after 11392295 miliseconds...
2024-10-05T00:22:07.556Z [32minfo[39m: Randomly Buying
2024-10-05T00:22:07.558Z [32minfo[39m: We will exit this process after 8000080 miliseconds...
2024-10-05T00:33:13.688Z [32minfo[39m: Randomly Buying
2024-10-05T00:33:13.690Z [32minfo[39m: We will exit this process after 10801313 miliseconds...
2024-10-05T00:59:16.989Z [32minfo[39m: Randomly Buying
2024-10-05T00:59:16.992Z [32minfo[39m: We will exit this process after 12739875 miliseconds...
2024-10-05T01:10:07.842Z [32minfo[39m: Randomly Buying
2024-10-05T01:10:07.844Z [32minfo[39m: We will exit this process after 14618449 miliseconds...
2024-10-07T18:11:06.272Z [32minfo[39m: transaction=========> https://basescan.org/tx/0xb56035cfd0ab3b831a284077f645f920837b66539e9e251d32c54f830647fb45
2024-10-07T18:41:15.753Z [32minfo[39m: Randomly Buying
2024-10-07T18:41:15.755Z [32minfo[39m: We will exit this process after 12828891 miliseconds...
2024-10-07T20:33:12.240Z [32minfo[39m: Randomly Buying
2024-10-07T20:33:12.242Z [32minfo[39m: We will exit this process after 10501984 miliseconds...
2024-10-08T20:53:51.385Z [32minfo[39m: transaction=========> https://basescan.org/tx/0xf94cd3dfe29e8a9ad328909d97141f1d11c66b7b4e0c77b0e05605e7fea5e373
2024-10-08T21:21:20.112Z [32minfo[39m: transaction=========> https://basescan.org/tx/0x2b4bffd5a0eae0c771c971b0f8fd2811f241d7d995fca430862179b349eba09d
2024-10-09T20:14:01.529Z [32minfo[39m: transaction=========> https://base-sepolia.blockscout.com/tx/0x17c98f95367840c5902a0ef5ef3d717671a81bbda5d6764ac3694669defa1284
2024-10-09T20:15:51.479Z [32minfo[39m: transaction=========> https://base-sepolia.blockscout.com/tx/0x7c338ddac6282ad672fa26b21f00b521961227f748e1b24e0b5dd4fde4f3e3d7
2024-10-09T20:17:38.705Z [32minfo[39m: transaction=========> https://base-sepolia.blockscout.com/tx/0x180f2bcddd6172143b80918da16842d7621a992fd04f8bd52c433c6e993ec16c
2024-10-09T20:19:49.658Z [32minfo[39m: transaction=========> https://base-sepolia.blockscout.com/tx/0xca19605c954f23ea405016ec1f2310c6175d553edd46b1de59d636bbcf753a94
2024-10-09T20:24:33.359Z [32minfo[39m: transaction=========> https://base-sepolia.blockscout.com/tx/0xcfe8fc00c049810f3a367f2a9324359b7aa5d460e057b9bc80a4d2e2f0f718a4
2024-10-09T20:26:13.023Z [32minfo[39m: transaction ===>  https://base-sepolia.blockscout.com/tx/0x60b3b34e594757ae2a6ebf26432b0a973af893d7ac4ee19b1413dc318c972f39
2024-10-09T20:26:34.090Z [32minfo[39m: Randomly Buying
2024-10-09T20:26:34.092Z [32minfo[39m: We will exit this process after 11142149 miliseconds...
2024-10-09T20:27:33.225Z [32minfo[39m: Randomly Buying
2024-10-09T20:27:33.227Z [32minfo[39m: We will exit this process after 14857073 miliseconds...
2024-10-09T20:27:50.514Z [32minfo[39m: Randomly Buying
2024-10-09T20:27:50.516Z [32minfo[39m: We will exit this process after 8659043 miliseconds...
2024-10-09T20:28:12.364Z [32minfo[39m: Randomly Buying
2024-10-09T20:28:12.366Z [32minfo[39m: We will exit this process after 13649476 miliseconds...
2024-10-09T20:35:32.184Z [32minfo[39m: Randomly Buying
2024-10-09T20:35:32.187Z [32minfo[39m: We will exit this process after 13101357 miliseconds...
2024-10-09T20:41:20.594Z [32minfo[39m: Randomly Buying
2024-10-09T20:41:20.596Z [32minfo[39m: We will exit this process after 11952163 miliseconds...
2024-10-09T20:42:00.269Z [32minfo[39m: Randomly Buying
2024-10-09T20:42:00.272Z [32minfo[39m: We will exit this process after 8518000 miliseconds...
2024-10-09T20:42:16.144Z [32minfo[39m: Randomly Buying
2024-10-09T20:42:16.146Z [32minfo[39m: We will exit this process after 13092140 miliseconds...
2024-10-09T20:44:07.732Z [32minfo[39m: Randomly Buying
2024-10-09T20:44:07.734Z [32minfo[39m: We will exit this process after 13826522 miliseconds...
2024-10-09T20:44:36.666Z [32minfo[39m: Randomly Buying
2024-10-09T20:44:36.668Z [32minfo[39m: We will exit this process after 11639083 miliseconds...
2024-10-09T20:53:49.987Z [32minfo[39m: Randomly Buying
2024-10-09T20:53:49.989Z [32minfo[39m: We will exit this process after 12249704 miliseconds...
2024-10-09T20:54:24.686Z [32minfo[39m: Randomly Buying
2024-10-09T20:54:24.687Z [32minfo[39m: We will exit this process after 10193169 miliseconds...
2024-10-09T21:33:14.948Z [32minfo[39m: Randomly Buying
2024-10-09T21:33:14.951Z [32minfo[39m: We will exit this process after 8140494 miliseconds...
2024-10-09T21:34:10.316Z [32minfo[39m: Randomly Buying
2024-10-09T21:34:10.318Z [32minfo[39m: We will exit this process after 12508711 miliseconds...
2024-10-09T21:35:15.875Z [32minfo[39m: Randomly Buying
2024-10-09T21:35:15.878Z [32minfo[39m: We will exit this process after 12514456 miliseconds...
2024-10-09T21:39:22.576Z [32minfo[39m: Randomly Buying
2024-10-09T21:39:22.578Z [32minfo[39m: We will exit this process after 14223078 miliseconds...
2024-10-09T21:41:56.130Z [32minfo[39m: Randomly Buying
2024-10-09T21:41:56.132Z [32minfo[39m: We will exit this process after 11164239 miliseconds...
2024-10-09T22:10:56.527Z [32minfo[39m: Randomly Buying
2024-10-09T22:10:56.529Z [32minfo[39m: We will exit this process after 8151043 miliseconds...
2024-10-10T01:02:20.244Z [32minfo[39m: Randomly Buying
2024-10-10T01:02:20.246Z [32minfo[39m: We will exit this process after 11925545 miliseconds...
2024-10-10T02:48:17.189Z [32minfo[39m: Randomly Buying
2024-10-10T02:48:17.191Z [32minfo[39m: We will exit this process after 7912124 miliseconds...
2024-10-10T02:48:35.345Z [32minfo[39m: Randomly Buying
2024-10-10T02:48:35.347Z [32minfo[39m: We will exit this process after 8784932 miliseconds...
2024-10-10T02:48:51.249Z [32minfo[39m: Randomly Buying
2024-10-10T02:48:51.251Z [32minfo[39m: We will exit this process after 10013880 miliseconds...
2024-10-10T02:49:24.617Z [32minfo[39m: Randomly Buying
2024-10-10T02:49:24.619Z [32minfo[39m: We will exit this process after 12009450 miliseconds...
2024-10-10T02:50:15.641Z [32minfo[39m: Randomly Buying
2024-10-10T02:50:15.643Z [32minfo[39m: We will exit this process after 13416745 miliseconds...
2024-10-10T02:51:48.335Z [32minfo[39m: Randomly Buying
2024-10-10T02:51:48.337Z [32minfo[39m: We will exit this process after 11015015 miliseconds...
2024-10-10T02:56:16.301Z [32minfo[39m: Randomly Buying
2024-10-10T02:56:16.303Z [32minfo[39m: We will exit this process after 12398832 miliseconds...
2024-10-10T02:59:48.001Z [32minfo[39m: Randomly Buying
2024-10-10T02:59:48.003Z [32minfo[39m: We will exit this process after 15237710 miliseconds...
2024-10-10T03:00:20.272Z [32minfo[39m: Randomly Buying
2024-10-10T03:00:20.274Z [32minfo[39m: We will exit this process after 14662328 miliseconds...
2024-10-10T03:00:57.720Z [32minfo[39m: Randomly Buying
2024-10-10T03:00:57.723Z [32minfo[39m: We will exit this process after 12636417 miliseconds...
2024-10-10T03:01:13.432Z [32minfo[39m: Randomly Buying
2024-10-10T03:01:13.434Z [32minfo[39m: We will exit this process after 12474393 miliseconds...
2024-10-10T03:03:23.445Z [32minfo[39m: Randomly Buying
2024-10-10T03:03:23.447Z [32minfo[39m: We will exit this process after 14901162 miliseconds...
2024-10-10T03:04:29.349Z [32minfo[39m: Randomly Buying
2024-10-10T03:04:29.351Z [32minfo[39m: We will exit this process after 10087348 miliseconds...
2024-10-10T03:21:11.147Z [32minfo[39m: Randomly Buying
2024-10-10T03:21:11.149Z [32minfo[39m: We will exit this process after 10830289 miliseconds...
2024-10-10T03:21:39.153Z [32minfo[39m: Randomly Buying
2024-10-10T03:21:39.155Z [32minfo[39m: We will exit this process after 14099536 miliseconds...
2024-10-10T03:24:20.008Z [32minfo[39m: Randomly Buying
2024-10-10T03:24:20.010Z [32minfo[39m: We will exit this process after 9621534 miliseconds...
2024-10-10T03:24:47.314Z [32minfo[39m: Randomly Buying
2024-10-10T03:24:47.316Z [32minfo[39m: We will exit this process after 9156635 miliseconds...
2024-10-10T03:24:58.296Z [32minfo[39m: Randomly Buying
2024-10-10T03:24:58.298Z [32minfo[39m: We will exit this process after 9453102 miliseconds...
2024-10-10T03:25:27.771Z [32minfo[39m: Randomly Buying
2024-10-10T03:25:27.773Z [32minfo[39m: We will exit this process after 14096469 miliseconds...
2024-10-10T03:25:57.383Z [32minfo[39m: Randomly Buying
2024-10-10T03:25:57.385Z [32minfo[39m: We will exit this process after 11356019 miliseconds...
2024-10-10T03:28:03.890Z [32minfo[39m: Randomly Buying
2024-10-10T03:28:03.892Z [32minfo[39m: We will exit this process after 8073407 miliseconds...
2024-10-10T03:28:32.212Z [32minfo[39m: Randomly Buying
2024-10-10T03:28:32.214Z [32minfo[39m: We will exit this process after 11783847 miliseconds...
2024-10-10T03:29:07.417Z [32minfo[39m: Randomly Buying
2024-10-10T03:29:07.419Z [32minfo[39m: We will exit this process after 12519973 miliseconds...
2024-10-10T03:29:44.539Z [32minfo[39m: Randomly Buying
2024-10-10T03:29:44.541Z [32minfo[39m: We will exit this process after 9182236 miliseconds...
2024-10-10T03:30:20.578Z [32minfo[39m: Randomly Buying
2024-10-10T03:30:20.580Z [32minfo[39m: We will exit this process after 9411299 miliseconds...
2024-10-10T13:10:30.056Z [32minfo[39m: Randomly Buying
2024-10-10T13:10:30.059Z [32minfo[39m: We will exit this process after 13529994 miliseconds...
2024-10-10T17:30:11.443Z [32minfo[39m: Randomly Buying
2024-10-10T17:30:11.446Z [32minfo[39m: We will exit this process after 15488823 miliseconds...
2024-10-10T18:13:09.759Z [32minfo[39m: Randomly Buying
2024-10-10T18:13:09.761Z [32minfo[39m: We will exit this process after 8309008 miliseconds...
2024-10-10T18:22:28.308Z [32minfo[39m: Randomly Buying
2024-10-10T18:22:28.310Z [32minfo[39m: We will exit this process after 13237190 miliseconds...
2024-10-10T18:23:05.184Z [32minfo[39m: Randomly Buying
2024-10-10T18:23:05.186Z [32minfo[39m: We will exit this process after 10755566 miliseconds...
2024-10-10T18:23:25.540Z [32minfo[39m: Randomly Buying
2024-10-10T18:23:25.542Z [32minfo[39m: We will exit this process after 9779957 miliseconds...
2024-10-10T18:23:33.749Z [32minfo[39m: Randomly Buying
2024-10-10T18:23:33.751Z [32minfo[39m: We will exit this process after 9168687 miliseconds...
2024-10-10T18:23:48.051Z [32minfo[39m: Randomly Buying
2024-10-10T18:23:48.053Z [32minfo[39m: We will exit this process after 13526644 miliseconds...
2024-10-10T18:36:41.139Z [32minfo[39m: Randomly Buying
2024-10-10T18:36:41.141Z [32minfo[39m: We will exit this process after 12812050 miliseconds...
2024-10-10T18:38:23.983Z [32minfo[39m: Randomly Buying
2024-10-10T18:38:23.985Z [32minfo[39m: We will exit this process after 11739237 miliseconds...
2024-10-10T18:42:07.657Z [32minfo[39m: Randomly Buying
2024-10-10T18:42:07.659Z [32minfo[39m: We will exit this process after 15504332 miliseconds...
2024-10-10T19:09:51.220Z [32minfo[39m: Randomly Buying
2024-10-10T19:09:51.222Z [32minfo[39m: We will exit this process after 8266655 miliseconds...
2024-10-10T19:20:35.082Z [32minfo[39m: Randomly Buying
2024-10-10T19:20:35.085Z [32minfo[39m: We will exit this process after 14554832 miliseconds...
2024-10-10T20:35:52.680Z [32minfo[39m: Randomly Buying
2024-10-10T20:35:52.682Z [32minfo[39m: We will exit this process after 9342326 miliseconds...
2024-10-10T20:36:49.935Z [32minfo[39m: Randomly Buying
2024-10-10T20:36:49.937Z [32minfo[39m: We will exit this process after 9142895 miliseconds...
2024-10-10T20:37:26.366Z [32minfo[39m: Randomly Buying
2024-10-10T20:37:26.369Z [32minfo[39m: We will exit this process after 11479110 miliseconds...
2024-10-10T20:37:46.087Z [32minfo[39m: Randomly Buying
2024-10-10T20:37:46.089Z [32minfo[39m: We will exit this process after 13360868 miliseconds...
2024-10-10T20:38:00.532Z [32minfo[39m: Randomly Buying
2024-10-10T20:38:00.535Z [32minfo[39m: We will exit this process after 14194887 miliseconds...
2024-10-10T20:39:26.766Z [32minfo[39m: Randomly Buying
2024-10-10T20:39:26.768Z [32minfo[39m: We will exit this process after 11380945 miliseconds...
2024-10-10T20:39:55.790Z [32minfo[39m: Randomly Buying
2024-10-10T20:39:55.792Z [32minfo[39m: We will exit this process after 9794391 miliseconds...
2024-10-10T20:40:58.278Z [32minfo[39m: Randomly Buying
2024-10-10T20:40:58.280Z [32minfo[39m: We will exit this process after 13562725 miliseconds...
2024-10-10T20:44:41.025Z [32minfo[39m: Randomly Buying
2024-10-10T20:44:41.027Z [32minfo[39m: We will exit this process after 13144818 miliseconds...
2024-10-10T21:27:42.196Z [32minfo[39m: Randomly Buying
2024-10-10T21:27:42.198Z [32minfo[39m: We will exit this process after 12952199 miliseconds...
2024-10-10T21:28:11.688Z [32minfo[39m: Randomly Buying
2024-10-10T21:28:11.690Z [32minfo[39m: We will exit this process after 9492640 miliseconds...
2024-10-10T21:28:37.745Z [32minfo[39m: Randomly Buying
2024-10-10T21:28:37.747Z [32minfo[39m: We will exit this process after 10939934 miliseconds...
2024-10-10T21:29:02.764Z [32minfo[39m: Randomly Buying
2024-10-10T21:29:02.766Z [32minfo[39m: We will exit this process after 11920756 miliseconds...
2024-10-10T21:29:46.433Z [32minfo[39m: Randomly Buying
2024-10-10T21:29:46.435Z [32minfo[39m: We will exit this process after 11090686 miliseconds...
2024-10-10T21:30:01.270Z [32minfo[39m: Randomly Buying
2024-10-10T21:30:01.271Z [32minfo[39m: We will exit this process after 7936091 miliseconds...
2024-10-10T21:30:24.657Z [32minfo[39m: Randomly Buying
2024-10-10T21:30:24.658Z [32minfo[39m: We will exit this process after 10302743 miliseconds...
2024-10-10T21:30:41.556Z [32minfo[39m: Randomly Buying
2024-10-10T21:30:41.558Z [32minfo[39m: We will exit this process after 9213498 miliseconds...
2024-10-10T21:30:54.694Z [32minfo[39m: Randomly Buying
2024-10-10T21:30:54.696Z [32minfo[39m: We will exit this process after 12757175 miliseconds...
2024-10-10T21:31:06.165Z [32minfo[39m: Randomly Buying
2024-10-10T21:31:06.167Z [32minfo[39m: We will exit this process after 9119992 miliseconds...
2024-10-10T21:59:15.173Z [32minfo[39m: Randomly Buying
2024-10-10T21:59:15.175Z [32minfo[39m: We will exit this process after 14158910 miliseconds...
2024-10-10T22:01:16.981Z [32minfo[39m: Randomly Buying
2024-10-10T22:01:16.982Z [32minfo[39m: We will exit this process after 11906253 miliseconds...
2024-10-10T23:57:37.624Z [32minfo[39m: Randomly Buying
2024-10-10T23:57:37.626Z [32minfo[39m: We will exit this process after 13045207 miliseconds...
2024-10-11T00:28:15.905Z [32minfo[39m: Randomly Buying
2024-10-11T00:28:15.907Z [32minfo[39m: We will exit this process after 9565021 miliseconds...
2024-10-11T00:29:23.930Z [32minfo[39m: Randomly Buying
2024-10-11T00:29:23.933Z [32minfo[39m: We will exit this process after 12149063 miliseconds...
2024-10-11T00:29:55.504Z [32minfo[39m: Randomly Buying
2024-10-11T00:29:55.506Z [32minfo[39m: We will exit this process after 14980058 miliseconds...
2024-10-11T00:32:30.690Z [32minfo[39m: Randomly Buying
2024-10-11T00:40:16.071Z [32minfo[39m: Randomly Buying
2024-10-11T00:40:16.073Z [32minfo[39m: We will exit this process after 13983336 miliseconds...
2024-10-11T00:41:12.284Z [32minfo[39m: Randomly Buying
2024-10-11T00:41:12.285Z [32minfo[39m: We will exit this process after 14614776 miliseconds...
2024-10-11T01:07:33.285Z [32minfo[39m: Randomly Buying
2024-10-11T01:07:33.287Z [32minfo[39m: We will exit this process after 10260882 miliseconds...
2024-10-11T01:38:13.141Z [32minfo[39m: Randomly Buying
2024-10-11T01:38:13.143Z [32minfo[39m: We will exit this process after 12734188 miliseconds...
2024-10-11T01:40:50.561Z [32minfo[39m: Randomly Buying
2024-10-11T01:40:50.564Z [32minfo[39m: We will exit this process after 11734748 miliseconds...
2024-10-11T01:43:47.301Z [32minfo[39m: Randomly Buying
2024-10-11T01:43:47.303Z [32minfo[39m: We will exit this process after 11285663 miliseconds...
2024-10-11T01:44:06.835Z [32minfo[39m: Randomly Buying
2024-10-11T01:44:06.838Z [32minfo[39m: We will exit this process after 10951093 miliseconds...
2024-10-11T01:44:44.790Z [32minfo[39m: Randomly Buying
2024-10-11T01:44:44.791Z [32minfo[39m: We will exit this process after 12272357 miliseconds...
2024-10-11T01:45:09.305Z [32minfo[39m: Randomly Buying
2024-10-11T01:45:09.307Z [32minfo[39m: We will exit this process after 12414810 miliseconds...
2024-10-11T01:45:23.274Z [32minfo[39m: Randomly Buying
2024-10-11T01:45:23.277Z [32minfo[39m: We will exit this process after 14012977 miliseconds...
2024-10-11T01:47:17.245Z [32minfo[39m: Randomly Buying
2024-10-11T01:47:17.247Z [32minfo[39m: We will exit this process after 9351863 miliseconds...
2024-10-11T01:47:30.374Z [32minfo[39m: Randomly Buying
2024-10-11T01:47:30.376Z [32minfo[39m: We will exit this process after 9634216 miliseconds...
2024-10-11T01:48:11.838Z [32minfo[39m: Randomly Buying
2024-10-11T01:48:11.840Z [32minfo[39m: We will exit this process after 8098788 miliseconds...
2024-10-11T01:49:04.375Z [32minfo[39m: Randomly Buying
2024-10-11T01:49:04.377Z [32minfo[39m: We will exit this process after 13804084 miliseconds...
2024-10-11T01:49:13.926Z [32minfo[39m: Randomly Buying
2024-10-11T01:49:13.927Z [32minfo[39m: We will exit this process after 13819134 miliseconds...
2024-10-11T01:51:09.796Z [32minfo[39m: Randomly Buying
2024-10-11T01:51:09.798Z [32minfo[39m: We will exit this process after 8977721 miliseconds...
2024-10-11T01:51:23.288Z [32minfo[39m: Randomly Buying
2024-10-11T01:51:23.290Z [32minfo[39m: We will exit this process after 14283097 miliseconds...
2024-10-11T01:52:14.729Z [32minfo[39m: Randomly Buying
2024-10-11T01:52:14.731Z [32minfo[39m: We will exit this process after 9629537 miliseconds...
2024-10-11T01:55:47.388Z [32minfo[39m: Randomly Buying
2024-10-11T01:55:47.390Z [32minfo[39m: We will exit this process after 12767460 miliseconds...
2024-10-11T01:56:26.113Z [32minfo[39m: Randomly Buying
2024-10-11T01:56:26.115Z [32minfo[39m: We will exit this process after 10299128 miliseconds...
2024-10-11T01:56:50.510Z [32minfo[39m: Randomly Buying
2024-10-11T01:56:50.511Z [32minfo[39m: We will exit this process after 15311053 miliseconds...
2024-10-11T01:57:42.038Z [32minfo[39m: Randomly Buying
2024-10-11T01:57:42.040Z [32minfo[39m: We will exit this process after 9520812 miliseconds...
2024-10-11T01:58:09.875Z [32minfo[39m: Randomly Buying
2024-10-11T01:58:09.877Z [32minfo[39m: We will exit this process after 12142941 miliseconds...
2024-10-11T01:59:07.262Z [32minfo[39m: Randomly Buying
2024-10-11T01:59:07.264Z [32minfo[39m: We will exit this process after 9233062 miliseconds...
2024-10-11T01:59:37.723Z [32minfo[39m: Randomly Buying
2024-10-11T01:59:37.724Z [32minfo[39m: We will exit this process after 9481074 miliseconds...
2024-10-11T02:00:06.287Z [32minfo[39m: Randomly Buying
2024-10-11T02:00:06.289Z [32minfo[39m: We will exit this process after 10437675 miliseconds...
2024-10-11T02:01:11.238Z [32minfo[39m: Randomly Buying
2024-10-11T02:01:11.240Z [32minfo[39m: We will exit this process after 10390346 miliseconds...
2024-10-11T02:01:48.541Z [32minfo[39m: Randomly Buying
2024-10-11T02:01:48.543Z [32minfo[39m: We will exit this process after 13990078 miliseconds...
2024-10-11T02:02:01.948Z [32minfo[39m: Randomly Buying
2024-10-11T02:02:01.951Z [32minfo[39m: We will exit this process after 7921794 miliseconds...
2024-10-11T02:02:41.741Z [32minfo[39m: transaction ===> https://base-sepolia.blockscout.com/tx/0xebb4a7a7a8e992ac9f01d4a2574e1604f869c583673ddcec85159ca8531fa488
2024-10-11T02:03:19.286Z [32minfo[39m: transaction ===> https://base-sepolia.blockscout.com/tx/0xd2d4e573fe1af46200840136a65597f4bf3c93f0937f3535a7bd398bc230df04
2024-10-11T02:03:26.649Z [32minfo[39m: Randomly Buying
2024-10-11T02:03:26.651Z [32minfo[39m: We will exit this process after 10751844 miliseconds...
2024-10-11T02:08:16.266Z [32minfo[39m: Randomly Buying
2024-10-11T02:08:16.268Z [32minfo[39m: We will exit this process after 11160493 miliseconds...
2024-10-11T02:12:00.749Z [32minfo[39m: Randomly Buying
2024-10-11T02:12:00.750Z [32minfo[39m: We will exit this process after 12079837 miliseconds...
2024-10-11T02:17:04.393Z [32minfo[39m: Randomly Buying
2024-10-11T02:17:04.395Z [32minfo[39m: We will exit this process after 11653421 miliseconds...
2024-10-11T02:18:32.245Z [32minfo[39m: Randomly Buying
2024-10-11T02:18:32.248Z [32minfo[39m: We will exit this process after 7779107 miliseconds...
2024-10-11T02:27:07.341Z [32minfo[39m: Randomly Buying
2024-10-11T02:27:54.402Z [32minfo[39m: Randomly Buying
2024-10-11T02:28:17.485Z [32minfo[39m: Randomly Buying
2024-10-11T02:28:27.934Z [32minfo[39m: Randomly Buying
2024-10-11T02:30:57.782Z [32minfo[39m: Randomly Buying
2024-10-11T02:30:57.784Z [32minfo[39m: We will exit this process after 8543159 miliseconds...
2024-10-11T02:31:32.638Z [32minfo[39m: Randomly Buying
2024-10-11T02:31:32.641Z [32minfo[39m: We will exit this process after 14600426 miliseconds...
2024-10-11T02:36:58.905Z [32minfo[39m: Randomly Buying
2024-10-11T02:36:58.909Z [32minfo[39m: We will exit this process after 8160775 miliseconds...
2024-10-11T02:37:14.827Z [32minfo[39m: Randomly Buying
2024-10-11T02:37:14.828Z [32minfo[39m: We will exit this process after 12657434 miliseconds...
2024-10-11T02:38:15.417Z [32minfo[39m: Randomly Buying
2024-10-11T02:38:15.420Z [32minfo[39m: We will exit this process after 10004262 miliseconds...
2024-10-11T02:38:42.555Z [32minfo[39m: Randomly Buying
2024-10-11T02:38:42.557Z [32minfo[39m: We will exit this process after 14418258 miliseconds...
2024-10-11T02:38:54.479Z [32minfo[39m: Randomly Buying
2024-10-11T02:38:54.480Z [32minfo[39m: We will exit this process after 14370041 miliseconds...
2024-10-11T02:42:41.636Z [32minfo[39m: Randomly Buying
2024-10-11T02:42:41.638Z [32minfo[39m: We will exit this process after 10439879 miliseconds...
2024-10-11T04:14:49.496Z [32minfo[39m: Randomly Selling
2024-10-11T04:14:49.498Z [32minfo[39m: We will exit this process after 8745718 miliseconds...
2024-10-11T04:15:26.525Z [32minfo[39m: transaction ===> https://base-sepolia.blockscout.com/tx/0xff5dfe1046e3cb5b13b16a4d9d2e0a6f94bdad085cca1bbaa0868bc43ddb8727
2024-10-11T04:15:43.328Z [32minfo[39m: Randomly Selling
2024-10-11T04:15:43.330Z [32minfo[39m: We will exit this process after 9892576 miliseconds...
2024-10-11T04:17:01.773Z [32minfo[39m: Randomly Selling
2024-10-11T04:17:01.774Z [32minfo[39m: We will exit this process after 10051868 miliseconds...
2024-10-11T04:17:56.542Z [32minfo[39m: Randomly Selling
2024-10-11T04:17:56.544Z [32minfo[39m: We will exit this process after 9350912 miliseconds...
2024-10-11T04:22:32.861Z [32minfo[39m: transaction ===> https://base-sepolia.blockscout.com/tx/0x6cb44000bea533b1685a2e48cfa1cb53b66647c39833ec9912a2d2ebc8ac1eab
2024-10-11T04:22:55.531Z [32minfo[39m: Randomly Selling
2024-10-11T04:22:55.533Z [32minfo[39m: We will exit this process after 9845507 miliseconds...
2024-10-11T04:24:10.464Z [32minfo[39m: Randomly Selling
2024-10-11T04:24:10.466Z [32minfo[39m: We will exit this process after 13816175 miliseconds...
2024-10-11T04:26:12.270Z [32minfo[39m: Randomly Selling
2024-10-11T04:26:12.272Z [32minfo[39m: We will exit this process after 10474488 miliseconds...
2024-10-11T04:27:19.405Z [32minfo[39m: Randomly Buying
2024-10-11T04:27:19.407Z [32minfo[39m: We will exit this process after 11573862 miliseconds...
2024-10-11T04:28:26.801Z [32minfo[39m: Randomly Selling
2024-10-11T04:28:26.803Z [32minfo[39m: We will exit this process after 14129600 miliseconds...
2024-10-11T04:29:25.698Z [32minfo[39m: Randomly Buying
2024-10-11T04:29:25.701Z [32minfo[39m: We will exit this process after 13345194 miliseconds...
2024-10-11T04:29:47.622Z [32minfo[39m: Randomly Selling
2024-10-11T04:29:47.623Z [32minfo[39m: We will exit this process after 14298492 miliseconds...
2024-10-11T04:30:17.958Z [32minfo[39m: Randomly Buying
2024-10-11T04:30:17.961Z [32minfo[39m: We will exit this process after 15148913 miliseconds...
2024-10-11T04:36:22.161Z [32minfo[39m: Randomly Buying
2024-10-11T04:36:22.163Z [32minfo[39m: We will exit this process after 11509245 miliseconds...
2024-10-11T04:37:58.824Z [32minfo[39m: Randomly Selling
2024-10-11T04:37:58.827Z [32minfo[39m: We will exit this process after 14653694 miliseconds...
2024-10-11T04:42:58.615Z [32minfo[39m: Randomly Buying
2024-10-11T04:42:58.617Z [32minfo[39m: We will exit this process after 12431785 miliseconds...
2024-10-11T04:43:40.445Z [32minfo[39m: Randomly Buying
2024-10-11T04:43:40.447Z [32minfo[39m: We will exit this process after 13084707 miliseconds...
2024-10-11T04:48:09.884Z [32minfo[39m: transaction ===> https://base-sepolia.blockscout.com/tx/0x185efb8b0efbb8d44ff5709805acf8acde673a57cf9a9c97e230cf63940d168c
2024-10-11T04:49:15.005Z [32minfo[39m: transaction ===> https://base-sepolia.blockscout.com/tx/0x11a5a1daac261a771832fd3612205d0b9d1b0284422aa376b8bc935d28c5c8c3
2024-10-11T04:49:44.773Z [32minfo[39m: transaction ===> https://base-sepolia.blockscout.com/tx/0x204d1a3b41da132b5bde0f08defb4a037921e26c62919c65c4d55b534fed49bb
2024-10-11T04:50:15.333Z [32minfo[39m: Randomly Selling
2024-10-11T04:50:15.335Z [32minfo[39m: We will exit this process after 13370822 miliseconds...
2024-10-11T04:50:46.068Z [32minfo[39m: Randomly Buying
2024-10-11T04:50:46.072Z [32minfo[39m: We will exit this process after 15436352 miliseconds...
2024-10-11T04:52:02.311Z [32minfo[39m: Randomly Buying
2024-10-11T04:52:02.313Z [32minfo[39m: We will exit this process after 8420954 miliseconds...
2024-10-11T04:52:56.444Z [32minfo[39m: Randomly Selling
2024-10-11T04:52:56.446Z [32minfo[39m: We will exit this process after 9348753 miliseconds...
2024-10-11T04:54:24.068Z [32minfo[39m: Randomly Selling
2024-10-11T04:54:24.070Z [32minfo[39m: We will exit this process after 15276165 miliseconds...
2024-10-11T04:55:23.102Z [32minfo[39m: Randomly Selling
2024-10-11T04:55:23.103Z [32minfo[39m: We will exit this process after 13614308 miliseconds...
2024-10-11T04:56:42.660Z [32minfo[39m: transaction ===> https://base-sepolia.blockscout.com/tx/0xb2d28ebaf71cac9d2f9b03c955bd80a6737cce510998b28639adef7407ac2501
2024-10-11T04:57:14.856Z [32minfo[39m: Randomly Buying
2024-10-11T04:57:14.858Z [32minfo[39m: We will exit this process after 12208584 miliseconds...
2024-10-11T05:01:29.729Z [32minfo[39m: Randomly Buying
2024-10-11T05:01:29.731Z [32minfo[39m: We will exit this process after 13754072 miliseconds...
2024-10-11T06:14:14.585Z [32minfo[39m: Randomly Buying
2024-10-11T06:14:14.587Z [32minfo[39m: We will exit this process after 12705416 miliseconds...
2024-10-11T06:22:33.019Z [32minfo[39m: Randomly Selling
2024-10-11T06:22:33.021Z [32minfo[39m: We will exit this process after 8884912 miliseconds...
2024-10-11T06:22:57.022Z [32minfo[39m: Randomly Selling
2024-10-11T06:22:57.024Z [32minfo[39m: We will exit this process after 8302689 miliseconds...
2024-10-11T06:23:15.672Z [32minfo[39m: Randomly Buying
2024-10-11T06:23:15.674Z [32minfo[39m: We will exit this process after 10170286 miliseconds...
2024-10-11T06:26:58.937Z [32minfo[39m: transaction ===> https://base-sepolia.blockscout.com/tx/0xf47a61947524d852106d89ec1b5d01a48a23a41f877ab3ad52b4e1a663e8663f
2024-10-11T06:27:22.493Z [32minfo[39m: transaction ===> https://base-sepolia.blockscout.com/tx/0x47066868afa30d07d21d9c6fcbf937885fd146ab4df71eed6201cec9eef6c4a4
2024-10-11T13:06:31.960Z [32minfo[39m: transaction ===> https://base-sepolia.blockscout.com/tx/0xc17bfae400184aa2aeadafcc4970f94f851a78a9be9235b7fa8eecccdb524319
2024-10-11T13:06:42.907Z [32minfo[39m: transaction ===> https://base-sepolia.blockscout.com/tx/0xf6cebb85520e771daceb0c04165494eba5c0075d2389976641e334e276c25992
2024-10-11T13:06:54.890Z [32minfo[39m: transaction ===> https://base-sepolia.blockscout.com/tx/0x27023e86bca8262656e734208bcde0f1900e0dd659c8a2541b38ce96b20af664
2024-10-11T13:07:00.307Z [32minfo[39m: transaction ===> https://base-sepolia.blockscout.com/tx/0x675c6c146c0eed3f968a774c630962e50daedbacd19ce5123f636cb5f29ba416
2024-10-11T13:23:17.451Z [32minfo[39m: transaction ===> https://base-sepolia.blockscout.com/tx/0xa5b860e102cebd3720cacd2c057a41d5e964a4558820eb1ea6c5bda4f1c47c2e
2024-10-11T13:23:27.425Z [32minfo[39m: transaction ===> https://base-sepolia.blockscout.com/tx/0x01b428bb135877e9da7114078da12a936c9f3ec58e23126db19c9298a9ff3eb8
2024-10-11T13:23:34.000Z [32minfo[39m: transaction ===> https://base-sepolia.blockscout.com/tx/0x6e07f8c1ec934e9afcba887f710e3e95a4d5156776bcb91fe724552170a09336
2024-10-11T13:23:44.415Z [32minfo[39m: transaction ===> https://base-sepolia.blockscout.com/tx/0x592926ed63b960780ec767dd27d0707c4279dd35560f22021c33cf07a2519348
2024-10-11T14:24:31.739Z [32minfo[39m: transaction ===> https://base-sepolia.blockscout.com/tx/0x2cd62af1c61d142b9e1f8c8ef56b03bf337bbe309a70f17e69fc518506c3111b
2024-10-11T14:24:40.426Z [32minfo[39m: transaction ===> https://base-sepolia.blockscout.com/tx/0x950941091c3d88ebf2d484bec56b7968f51977ad3bdd2b3573e82207704a3157
2024-10-11T14:24:47.441Z [32minfo[39m: transaction ===> https://base-sepolia.blockscout.com/tx/0x6c2562a11b27a3571132ffb2d5eb9d551a48fa57f0effe544dc4f97c8454a4ff
2024-10-11T14:24:57.911Z [32minfo[39m: transaction ===> https://base-sepolia.blockscout.com/tx/0x181b09e38a839a4bbfeb60c775727eb610d10e52cebdb404e6aabaef36feeb92
2024-10-11T16:17:15.999Z [32minfo[39m: transaction ===> https://base-sepolia.blockscout.com/tx/0x4f35773ee0cb51f3ab16541646bf9f5a1b2ca5e50dd49c958a088609a08b75b5
2024-10-11T16:17:21.799Z [32minfo[39m: transaction ===> https://base-sepolia.blockscout.com/tx/0xf1d0fda11046ed6f337ec73540caf45700a03abfe18394993d89aebcdfee8f9a
2024-10-11T16:17:32.897Z [32minfo[39m: transaction ===> https://base-sepolia.blockscout.com/tx/0x81b0125bfcaa8ecf8f76f046b01e16c0f016690cc00a3e492605680297e8a35c
2024-10-11T16:17:37.604Z [32minfo[39m: transaction ===> https://base-sepolia.blockscout.com/tx/0x2b085cd2f7e9fc7bd3a7ee5f42d779faf2c55636becd1af3ef45e0c7109ab109
2024-10-11T19:29:12.773Z [32minfo[39m: Randomly Buying
2024-10-11T19:29:12.775Z [32minfo[39m: We will exit this process after 14324205 miliseconds...
2024-10-11T19:30:07.355Z [32minfo[39m: transaction ===> https://base-sepolia.blockscout.com/tx/0x1117b8bfd1e027c48986b07e6b7e217cf1774ba402a7d44cf4038c0c35fc8f37
2024-10-11T19:30:14.143Z [32minfo[39m: transaction ===> https://base-sepolia.blockscout.com/tx/0x4464d560f5bef3a6402ca6af4a6893e56b21eadd823ff6c40b116e3b04f157b8
2024-10-11T20:04:24.092Z [32minfo[39m: Randomly Buying
2024-10-11T20:04:24.095Z [32minfo[39m: We will exit this process after 7993849 miliseconds...
2024-10-11T20:28:00.950Z [32minfo[39m: Randomly Selling
2024-10-11T20:28:00.952Z [32minfo[39m: We will exit this process after 8688010 miliseconds...
2024-10-11T20:52:34.797Z [32minfo[39m: transaction ===> https://base-sepolia.blockscout.com/tx/0xe22b221a9123ed6a87924122e7f5c889eb5230fd3a3efc839aaff8428f52ff20
2024-10-11T20:52:41.653Z [32minfo[39m: transaction ===> https://base-sepolia.blockscout.com/tx/0xe60ca6c1591e6c473baf14dc1c928c73b19516c2a2dccccd7ad1bdd6b775b0ca
2024-10-11T20:52:48.802Z [32minfo[39m: transaction ===> https://base-sepolia.blockscout.com/tx/0x427fa986d23b11364725c23fabb0f38730ddc49144e423948b00fbb675b4adc1
2024-10-11T20:53:00.937Z [32minfo[39m: transaction ===> https://base-sepolia.blockscout.com/tx/0xe6c6a0f398e50643ec294f73aadbc0c399cf08396a47f1a36f7ac135dc70c110
2024-10-11T20:53:35.697Z [32minfo[39m: Randomly Buying
2024-10-11T20:53:35.699Z [32minfo[39m: We will exit this process after 15382234 miliseconds...
2024-10-11T20:54:38.108Z [32minfo[39m: Randomly Selling
2024-10-11T20:54:38.110Z [32minfo[39m: We will exit this process after 14736290 miliseconds...
2024-10-12T17:53:49.084Z [32minfo[39m: transaction ===> https://base-sepolia.blockscout.com/tx/0x66f73169c584d514cd43a67dc212974b042fae408cc624a5f8a7a3ae30b5a9aa
2024-10-12T18:21:11.949Z [32minfo[39m: transaction ===> https://base-sepolia.blockscout.com/tx/0x1d8e59f94fe58144952818aabcabcfd98eaf95e51316c5f163307a94d46ff183
2024-10-12T18:21:21.274Z [32minfo[39m: transaction ===> https://base-sepolia.blockscout.com/tx/0xb643d020ce656342109f3d1e0018d9dc37344f8632c1fb2eb1be5e7df91cd1ce
2024-10-12T18:21:27.779Z [32minfo[39m: transaction ===> https://base-sepolia.blockscout.com/tx/0xb9284ce423d8b133c6df923fc3e220321738b73e611d1bc1bd3b5a6fc3d7e62a
2024-10-12T18:21:39.318Z [32minfo[39m: transaction ===> https://base-sepolia.blockscout.com/tx/0x7027dfc6cb29c457fe5be134335b399a3707513d5da8e9b93bf2f834c63a7526
2024-10-12T18:22:43.887Z [32minfo[39m: transaction ===> https://base-sepolia.blockscout.com/tx/0x9d4b7719908b425f81a11b7677454c9d9fc759b65dd0d7dea67dcd77e6cc3b1c
2024-10-12T18:22:50.348Z [32minfo[39m: transaction ===> https://base-sepolia.blockscout.com/tx/0x62e714e85c6c544b8377bcfa665d61bf25407efa72120c6ec6505274c80fdd5f
2024-10-12T18:23:02.091Z [32minfo[39m: transaction ===> https://base-sepolia.blockscout.com/tx/0x0cdb524b5553c19164250247e49a9a378fec94b443f6178c894f6090da6b7f17
2024-10-12T18:23:15.999Z [32minfo[39m: transaction ===> https://base-sepolia.blockscout.com/tx/0x58f8c079d0dbddd045d2634c6f3ceb22629a5c6f6c41e3c95816bbb6158f5bd7
2024-10-12T18:23:38.152Z [32minfo[39m: transaction ===> https://base-sepolia.blockscout.com/tx/0xf5bc78d823cb5bc2e7b6d195b66d06b370745e9bc11bf319ed8a60e191071110
2024-10-12T18:24:38.821Z [32minfo[39m: transaction ===> https://base-sepolia.blockscout.com/tx/0x9c1649361ef696b6172bf2d976efebb356420f837c5bde3cfc4ced0d9503fe6d
2024-10-15T02:08:03.190Z [32minfo[39m: Randomly Selling
2024-10-15T02:08:03.191Z [32minfo[39m: We will exit this process after 15058403 miliseconds...
2024-10-15T21:10:54.295Z [32minfo[39m: Randomly Buying
2024-10-15T21:10:54.298Z [32minfo[39m: We will exit this process after 11281623 miliseconds...
2024-10-15T21:51:09.028Z [32minfo[39m: Randomly Buying
2024-10-15T21:51:09.030Z [32minfo[39m: We will exit this process after 15123478 miliseconds...
2024-10-15T22:00:40.433Z [32minfo[39m: Randomly Buying
2024-10-15T22:09:58.761Z [32minfo[39m: Randomly Buying
2024-10-15T22:13:42.516Z [32minfo[39m: process is exited
	 
